<?xml version="1.0" encoding="UTF-8"?>
<!-- Generated by org.testng.reporters.JUnitXMLReporter -->
<testsuite ignored="0" hostname="ENCDAPPUNLT0302" failures="0" tests="3" name="Test" time="70.964" errors="0" timestamp="2023-10-05T11:39:08 IST">
  <testcase classname="ORANGEHRM.EndToEndTesting" name="enttoendtesting" time="42.104"/>
  <testcase classname="ORANGEHRM.TestCase2EndToEnd" name="enttoendtesting" time="14.127"/>
  <testcase classname="ORANGEHRM.OrangeHrmTestCase" name="orangehrmtestcase" time="11.688"/>
</testsuite> <!-- Test -->
