<?xml version="1.0" encoding="UTF-8"?>
<testng-results ignored="0" total="2" passed="2" failed="0" skipped="0">
  <reporter-output>
  </reporter-output>
  <suite started-at="2023-10-05T12:25:59 IST" name="Suite" finished-at="2023-10-05T12:26:38 IST" duration-ms="39438">
    <groups>
    </groups>
    <test started-at="2023-10-05T12:25:59 IST" name="Test" finished-at="2023-10-05T12:26:38 IST" duration-ms="39438">
      <class name="ORANGEHRM.OrangeHrmTestCase">
        <test-method is-config="true" signature="launchApplication()[pri:0, instance:ORANGEHRM.OrangeHrmTestCase@6e20b53a]" started-at="2023-10-05T12:26:22 IST" name="launchApplication" finished-at="2023-10-05T12:26:28 IST" duration-ms="5341" status="PASS">
          <reporter-output>
          </reporter-output>
        </test-method> <!-- launchApplication -->
        <test-method signature="orangehrmtestcase()[pri:0, instance:ORANGEHRM.OrangeHrmTestCase@6e20b53a]" started-at="2023-10-05T12:26:28 IST" name="orangehrmtestcase" finished-at="2023-10-05T12:26:38 IST" duration-ms="10480" status="PASS">
          <reporter-output>
          </reporter-output>
        </test-method> <!-- orangehrmtestcase -->
        <test-method is-config="true" signature="closeBrowser()[pri:0, instance:ORANGEHRM.OrangeHrmTestCase@6e20b53a]" started-at="2023-10-05T12:26:38 IST" name="closeBrowser" finished-at="2023-10-05T12:26:38 IST" duration-ms="249" status="PASS">
          <reporter-output>
          </reporter-output>
        </test-method> <!-- closeBrowser -->
      </class> <!-- ORANGEHRM.OrangeHrmTestCase -->
      <class name="ORANGEHRM.EndToEndTesting">
        <test-method signature="enttoendtesting()[pri:0, instance:ORANGEHRM.EndToEndTesting@4d9e68d0]" started-at="2023-10-05T12:25:59 IST" name="enttoendtesting" finished-at="2023-10-05T12:26:22 IST" duration-ms="23318" status="PASS">
          <reporter-output>
          </reporter-output>
        </test-method> <!-- enttoendtesting -->
      </class> <!-- ORANGEHRM.EndToEndTesting -->
    </test> <!-- Test -->
  </suite> <!-- Suite -->
</testng-results>
