<?xml version="1.0" encoding="UTF-8"?>
<testng-results ignored="0" total="2" passed="2" failed="0" skipped="0">
  <reporter-output>
  </reporter-output>
  <suite started-at="2023-09-14T14:23:08 IST" name="Suite" finished-at="2023-09-14T14:23:46 IST" duration-ms="38616">
    <groups>
    </groups>
    <test started-at="2023-09-14T14:23:08 IST" name="Regressiontestng.xml" finished-at="2023-09-14T14:23:46 IST" duration-ms="38616">
      <class name="ORANGEHRM.OrangeHrmTestCase">
        <test-method is-config="true" signature="launchApplication()[pri:0, instance:ORANGEHRM.OrangeHrmTestCase@5c30a9b0]" started-at="2023-09-14T14:23:31 IST" name="launchApplication" finished-at="2023-09-14T14:23:35 IST" duration-ms="3738" status="PASS">
          <reporter-output>
          </reporter-output>
        </test-method> <!-- launchApplication -->
        <test-method signature="orangehrmtestcase()[pri:0, instance:ORANGEHRM.OrangeHrmTestCase@5c30a9b0]" started-at="2023-09-14T14:23:35 IST" name="orangehrmtestcase" finished-at="2023-09-14T14:23:46 IST" duration-ms="10818" status="PASS">
          <reporter-output>
          </reporter-output>
        </test-method> <!-- orangehrmtestcase -->
        <test-method is-config="true" signature="closeBrowser()[pri:0, instance:ORANGEHRM.OrangeHrmTestCase@5c30a9b0]" started-at="2023-09-14T14:23:46 IST" name="closeBrowser" finished-at="2023-09-14T14:23:46 IST" duration-ms="299" status="PASS">
          <reporter-output>
          </reporter-output>
        </test-method> <!-- closeBrowser -->
      </class> <!-- ORANGEHRM.OrangeHrmTestCase -->
      <class name="ORANGEHRM.EndToEndTesting">
        <test-method signature="enttoendtesting()[pri:0, instance:ORANGEHRM.EndToEndTesting@654f0d9c]" started-at="2023-09-14T14:23:08 IST" name="enttoendtesting" finished-at="2023-09-14T14:23:31 IST" duration-ms="23714" status="PASS">
          <reporter-output>
          </reporter-output>
        </test-method> <!-- enttoendtesting -->
      </class> <!-- ORANGEHRM.EndToEndTesting -->
    </test> <!-- Regressiontestng.xml -->
  </suite> <!-- Suite -->
</testng-results>
